# JRE version: OpenJDK Runtime Environment JBR-21.0.5+8-631.8-jcef (21.0.5+8) (build 21.0.5+8-b631.8)
# Java VM: OpenJDK 64-Bit Server VM JBR-21.0.5+8-631.8-jcef (21.0.5+8-b631.8, mixed mode, emulated-client, sharing, tiered, compressed oops, compressed class ptrs, g1 gc, windows-amd64)
GC Precious Log:
 CardTable entry size: 512
 Card Set container configuration: InlinePtr #cards 4 size 8 Array Of Cards #cards 16 size 48 Howl #buckets 8 coarsen threshold 3686 Howl Bitmap #cards 512 size 80 coarsen threshold 460 Card regions per heap region 1 cards per card region 4096
 CPUs: 16 total, 16 available
 Memory: 14188M
 Large Page Support: Disabled
 NUMA Support: Disabled
 Compressed Oops: Enabled (Zero based)
 Heap Region Size: 2M
 Heap Min Capacity: 8M
 Heap Initial Capacity: 222M
 Heap Max Capacity: 3548M
 Pre-touch: Disabled
 Parallel Workers: 13
 Concurrent Workers: 3
 Concurrent Refinement Workers: 13
 Periodic GC: Disabled
Heap:
 garbage-first heap   total 110592K, used 95127K [0x0000000722400000, 0x0000000800000000)
  region size 2048K, 27 young (55296K), 3 survivors (6144K)
 Metaspace       used 86341K, committed 87104K, reserved 1179648K
  class space    used 11935K, committed 12288K, reserved 1048576K
GC Heap History (20 events):
Event: 3.022 GC heap after
{Heap after GC invocations=17 (full 0):
 garbage-first heap   total 92160K, used 32319K [0x0000000722400000, 0x0000000800000000)
  region size 2048K, 3 young (6144K), 3 survivors (6144K)
 Metaspace       used 42361K, committed 42816K, reserved 1114112K
  class space    used 5729K, committed 5952K, reserved 1048576K
}
Event: 3.307 GC heap before
{Heap before GC invocations=18 (full 0):
 garbage-first heap   total 92160K, used 77375K [0x0000000722400000, 0x0000000800000000)
  region size 2048K, 25 young (51200K), 3 survivors (6144K)
 Metaspace       used 45044K, committed 45632K, reserved 1114112K
  class space    used 6096K, committed 6400K, reserved 1048576K
}
Event: 3.310 GC heap after
{Heap after GC invocations=19 (full 0):
 garbage-first heap   total 92160K, used 34991K [0x0000000722400000, 0x0000000800000000)
  region size 2048K, 4 young (8192K), 4 survivors (8192K)
 Metaspace       used 45044K, committed 45632K, reserved 1114112K
  class space    used 6096K, committed 6400K, reserved 1048576K
}
Event: 3.588 GC heap before
{Heap before GC invocations=19 (full 0):
 garbage-first heap   total 92160K, used 73903K [0x0000000722400000, 0x0000000800000000)
  region size 2048K, 24 young (49152K), 4 survivors (8192K)
 Metaspace       used 47841K, committed 48512K, reserved 1114112K
  class space    used 6472K, committed 6784K, reserved 1048576K
}
Event: 3.592 GC heap after
{Heap after GC invocations=20 (full 0):
 garbage-first heap   total 110592K, used 36260K [0x0000000722400000, 0x0000000800000000)
  region size 2048K, 3 young (6144K), 3 survivors (6144K)
 Metaspace       used 47841K, committed 48512K, reserved 1114112K
  class space    used 6472K, committed 6784K, reserved 1048576K
}
Event: 3.880 GC heap before
{Heap before GC invocations=20 (full 0):
 garbage-first heap   total 110592K, used 93604K [0x0000000722400000, 0x0000000800000000)
  region size 2048K, 31 young (63488K), 3 survivors (6144K)
 Metaspace       used 52894K, committed 53568K, reserved 1114112K
  class space    used 7296K, committed 7616K, reserved 1048576K
}
Event: 3.882 GC heap after
{Heap after GC invocations=21 (full 0):
 garbage-first heap   total 110592K, used 37147K [0x0000000722400000, 0x0000000800000000)
  region size 2048K, 2 young (4096K), 2 survivors (4096K)
 Metaspace       used 52894K, committed 53568K, reserved 1114112K
  class space    used 7296K, committed 7616K, reserved 1048576K
}
Event: 4.304 GC heap before
{Heap before GC invocations=21 (full 0):
 garbage-first heap   total 110592K, used 96539K [0x0000000722400000, 0x0000000800000000)
  region size 2048K, 31 young (63488K), 2 survivors (4096K)
 Metaspace       used 61759K, committed 62400K, reserved 1114112K
  class space    used 8357K, committed 8640K, reserved 1048576K
}
Event: 4.306 GC heap after
{Heap after GC invocations=22 (full 0):
 garbage-first heap   total 110592K, used 38967K [0x0000000722400000, 0x0000000800000000)
  region size 2048K, 3 young (6144K), 3 survivors (6144K)
 Metaspace       used 61759K, committed 62400K, reserved 1114112K
  class space    used 8357K, committed 8640K, reserved 1048576K
}
Event: 4.663 GC heap before
{Heap before GC invocations=22 (full 0):
 garbage-first heap   total 110592K, used 94263K [0x0000000722400000, 0x0000000800000000)
  region size 2048K, 30 young (61440K), 3 survivors (6144K)
 Metaspace       used 66833K, committed 67456K, reserved 1114112K
  class space    used 9067K, committed 9344K, reserved 1048576K
}
Event: 4.666 GC heap after
{Heap after GC invocations=23 (full 0):
 garbage-first heap   total 110592K, used 40599K [0x0000000722400000, 0x0000000800000000)
  region size 2048K, 3 young (6144K), 3 survivors (6144K)
 Metaspace       used 66833K, committed 67456K, reserved 1114112K
  class space    used 9067K, committed 9344K, reserved 1048576K
}
Event: 4.965 GC heap before
{Heap before GC invocations=24 (full 0):
 garbage-first heap   total 110592K, used 93847K [0x0000000722400000, 0x0000000800000000)
  region size 2048K, 29 young (59392K), 3 survivors (6144K)
 Metaspace       used 72590K, committed 73216K, reserved 1114112K
  class space    used 9937K, committed 10240K, reserved 1048576K
}
Event: 4.967 GC heap after
{Heap after GC invocations=25 (full 0):
 garbage-first heap   total 110592K, used 41612K [0x0000000722400000, 0x0000000800000000)
  region size 2048K, 3 young (6144K), 3 survivors (6144K)
 Metaspace       used 72590K, committed 73216K, reserved 1114112K
  class space    used 9937K, committed 10240K, reserved 1048576K
}
Event: 5.315 GC heap before
{Heap before GC invocations=25 (full 0):
 garbage-first heap   total 110592K, used 94860K [0x0000000722400000, 0x0000000800000000)
  region size 2048K, 29 young (59392K), 3 survivors (6144K)
 Metaspace       used 75524K, committed 76224K, reserved 1179648K
  class space    used 10420K, committed 10752K, reserved 1048576K
}
Event: 5.317 GC heap after
{Heap after GC invocations=26 (full 0):
 garbage-first heap   total 110592K, used 42049K [0x0000000722400000, 0x0000000800000000)
  region size 2048K, 2 young (4096K), 2 survivors (4096K)
 Metaspace       used 75524K, committed 76224K, reserved 1179648K
  class space    used 10420K, committed 10752K, reserved 1048576K
}
Event: 5.763 GC heap before
{Heap before GC invocations=26 (full 0):
 garbage-first heap   total 110592K, used 97345K [0x0000000722400000, 0x0000000800000000)
  region size 2048K, 29 young (59392K), 2 survivors (4096K)
 Metaspace       used 80235K, committed 81024K, reserved 1179648K
  class space    used 11097K, committed 11456K, reserved 1048576K
}
Event: 5.766 GC heap after
{Heap after GC invocations=27 (full 0):
 garbage-first heap   total 110592K, used 43896K [0x0000000722400000, 0x0000000800000000)
  region size 2048K, 3 young (6144K), 3 survivors (6144K)
 Metaspace       used 80235K, committed 81024K, reserved 1179648K
  class space    used 11097K, committed 11456K, reserved 1048576K
}
Event: 6.030 GC heap before
{Heap before GC invocations=28 (full 0):
 garbage-first heap   total 110592K, used 95096K [0x0000000722400000, 0x0000000800000000)
  region size 2048K, 28 young (57344K), 3 survivors (6144K)
 Metaspace       used 84887K, committed 85568K, reserved 1179648K
  class space    used 11737K, committed 12032K, reserved 1048576K
}
Event: 6.034 GC heap after
{Heap after GC invocations=29 (full 0):
 garbage-first heap   total 110592K, used 45975K [0x0000000722400000, 0x0000000800000000)
  region size 2048K, 3 young (6144K), 3 survivors (6144K)
 Metaspace       used 84887K, committed 85568K, reserved 1179648K
  class space    used 11737K, committed 12032K, reserved 1048576K
}
Event: 781.285 GC heap before
{Heap before GC invocations=29 (full 0):
 garbage-first heap   total 110592K, used 95127K [0x0000000722400000, 0x0000000800000000)
  region size 2048K, 27 young (55296K), 3 survivors (6144K)
 Metaspace       used 86341K, committed 87104K, reserved 1179648K
  class space    used 11935K, committed 12288K, reserved 1048576K
}

